        -:    0:Source:example.c
        -:    0:Graph:example.gcno
        -:    0:Data:example.gcda
        -:    0:Runs:2
        -:    0:Programs:1
        -:    1:#include <stdio.h>
function main called 2 returned 50% blocks executed 75%
        -:    2: int main(int argc, char **argv){
        2:    3: int i=0,j=0;
        -:    4:
        2:    5: if (argc < 2) {
branch  0 taken 50%
branch  1 taken 50%
        1:    6:	 printf("Usage:…\n");
        1:    7: 	exit(-1);
        -:    8: }
        -:    9: 
        1:   10: i = atoi(argv[1]);
        1:   11: printf("i=%d\n",i);
        -:   12:
        1:   13: if( i == 0)
branch  0 taken 0%
branch  1 taken 100%
    #####:   14: 	j=0;
        -:   15: else {
        1:   16: if (i == 1)
branch  0 taken 0%
branch  1 taken 100%
    #####:   17: 	j=1;
        2:   18: if (i > 1 && i < 10)
branch  0 taken 100%
branch  1 taken 0%
branch  2 taken 100%
branch  3 taken 0%
        1:   19: 	j=2;
        -:   20: }
        1:   21: 	printf("j=%d\n",j);
        1:   22: }
